[2020-06-28T13:00:04.240] [DEBUG] cheese - login => username:asd,password:123456
[2020-06-28T13:00:04.241] [DEBUG] cheese - asd
[2020-06-28T13:00:04.435] [DEBUG] cheese - null
[2020-06-28T13:00:04.436] [DEBUG] cheese - null
[2020-06-28T13:00:13.400] [DEBUG] cheese - login => username:admin,password:123456
[2020-06-28T13:00:13.401] [DEBUG] cheese - admin
[2020-06-28T13:00:13.438] [DEBUG] cheese - null
[2020-06-28T13:00:13.439] [DEBUG] cheese - null
[2020-07-02T20:18:09.730] [DEBUG] cheese - login => username:asdf ,password:asdf d
[2020-07-02T20:18:09.735] [DEBUG] cheese - asdf 
[2020-07-02T20:18:09.823] [DEBUG] cheese - null
[2020-07-02T20:18:09.824] [DEBUG] cheese - null
[2020-07-02T20:25:30.064] [DEBUG] cheese - login => username:adf,password:afdadf
[2020-07-02T20:25:30.064] [DEBUG] cheese - adf
[2020-07-02T20:25:30.077] [DEBUG] cheese - null
[2020-07-02T20:25:30.077] [DEBUG] cheese - null
[2020-07-02T20:27:56.919] [DEBUG] cheese - login => username:dsf,password:sdfsdf
[2020-07-02T20:27:56.919] [DEBUG] cheese - dsf
[2020-07-02T20:27:56.930] [DEBUG] cheese - null
[2020-07-02T20:27:56.930] [DEBUG] cheese - null
[2020-07-02T20:28:12.555] [DEBUG] cheese - login => username:admin,password:123456
[2020-07-02T20:28:12.555] [DEBUG] cheese - admin
[2020-07-02T20:28:12.570] [DEBUG] cheese - null
[2020-07-02T20:28:12.570] [DEBUG] cheese - null
[2020-07-02T20:42:34.648] [DEBUG] cheese - login => username:sdf,password:sdfsdf
[2020-07-02T20:42:34.648] [DEBUG] cheese - sdf
[2020-07-02T20:42:34.658] [DEBUG] cheese - null
[2020-07-02T20:42:34.658] [DEBUG] cheese - null
[2020-07-02T20:42:43.440] [DEBUG] cheese - login => username:admin,password:123456
[2020-07-02T20:42:43.440] [DEBUG] cheese - admin
[2020-07-02T20:42:43.448] [DEBUG] cheese - null
[2020-07-02T20:42:43.448] [DEBUG] cheese - null
[2020-07-02T21:22:49.212] [DEBUG] cheese - login => username:sdf,password:sdfdsfds
[2020-07-02T21:22:49.212] [DEBUG] cheese - sdf
[2020-07-02T21:22:49.222] [DEBUG] cheese - null
[2020-07-02T21:22:49.223] [DEBUG] cheese - null
[2020-07-02T21:22:55.725] [DEBUG] cheese - login => username:admin,password:123456
[2020-07-02T21:22:55.725] [DEBUG] cheese - admin
[2020-07-02T21:22:55.734] [DEBUG] cheese - null
[2020-07-02T21:22:55.734] [DEBUG] cheese - null
[2020-07-02T21:24:36.709] [DEBUG] cheese - login => username:admin,password:123456
[2020-07-02T21:24:36.709] [DEBUG] cheese - admin
[2020-07-02T21:24:36.720] [DEBUG] cheese - null
[2020-07-02T21:24:36.721] [DEBUG] cheese - null
[2020-07-02T21:25:48.022] [DEBUG] cheese - login => username:admin,password:123456
[2020-07-02T21:25:48.022] [DEBUG] cheese - admin
[2020-07-02T21:25:48.031] [DEBUG] cheese - null
[2020-07-02T21:25:48.031] [DEBUG] cheese - null
[2020-07-02T21:26:47.403] [DEBUG] cheese - login => username:admin,password:123456
[2020-07-02T21:26:47.403] [DEBUG] cheese - admin
[2020-07-02T21:26:47.470] [DEBUG] cheese - null
[2020-07-02T21:26:47.471] [DEBUG] cheese - null
[2020-07-02T21:43:42.397] [DEBUG] cheese - login => username:admin,password:123456
[2020-07-02T21:43:42.397] [DEBUG] cheese - admin
[2020-07-02T21:43:42.418] [DEBUG] cheese - null
[2020-07-02T21:43:42.418] [DEBUG] cheese - null
[2020-07-02T21:52:31.531] [DEBUG] cheese - login => username:admin,password:123456
[2020-07-02T21:52:31.531] [DEBUG] cheese - admin
[2020-07-02T21:52:31.545] [DEBUG] cheese - null
[2020-07-02T21:52:31.546] [DEBUG] cheese - null
[2020-07-02T21:52:37.029] [DEBUG] cheese - login => username:admin,password:123456
[2020-07-02T21:52:37.029] [DEBUG] cheese - admin
[2020-07-02T21:52:37.037] [DEBUG] cheese - null
[2020-07-02T21:52:37.037] [DEBUG] cheese - null
[2020-07-02T21:54:07.573] [DEBUG] cheese - login => username:admin,password:123456
[2020-07-02T21:54:07.573] [DEBUG] cheese - admin
[2020-07-02T21:54:07.580] [DEBUG] cheese - null
[2020-07-02T21:54:07.580] [DEBUG] cheese - null
